<?xml version="1.0" encoding="UTF-8"?>

<mule xmlns:sfdc="http://www.mulesoft.org/schema/mule/sfdc"
	xmlns:json="http://www.mulesoft.org/schema/mule/json" xmlns="http://www.mulesoft.org/schema/mule/core"
	xmlns:doc="http://www.mulesoft.org/schema/mule/documentation"
	xmlns:spring="http://www.springframework.org/schema/beans" version="EE-3.5.1"
	xmlns:xsi="http://www.w3.org/2001/XMLSchema-instance"
	xsi:schemaLocation="http://www.springframework.org/schema/beans http://www.springframework.org/schema/beans/spring-beans-current.xsd
http://www.mulesoft.org/schema/mule/core http://www.mulesoft.org/schema/mule/core/current/mule.xsd
http://www.mulesoft.org/schema/mule/sfdc http://www.mulesoft.org/schema/mule/sfdc/current/mule-sfdc.xsd
http://www.mulesoft.org/schema/mule/json http://www.mulesoft.org/schema/mule/json/current/mule-json.xsd">


	<!-- Contact management flows -->

	
	
	<!-- Account management flows -->

	
	
	<!-- Additional test configurations -->
    <sub-flow name="createContactInAFlow" doc:name="createContactInAFlow">
		<sfdc:create config-ref="SalesforceA" type="Contact"
			doc:name="Salesforce">
			<sfdc:objects ref="#[payload]" />
		</sfdc:create>
        <logger message="createContactInAFlow response #[payload]" level="INFO" doc:name="Logger"/>
	</sub-flow>
    <sub-flow name="createContactInBFlow" doc:name="createContactInBFlow">
		<sfdc:create config-ref="SalesforceB" type="Contact"
			doc:name="Salesforce">
			<sfdc:objects ref="#[payload]" />
		</sfdc:create>
        <logger message="createContactInBFlow response #[payload]" level="INFO" doc:name="Logger"/>
	</sub-flow>
    <sub-flow name="queryContactFromAFlow" doc:name="queryContactFromAFlow">
		<sfdc:query-single config-ref="SalesforceA"
			query="SELECT FirstName, LastName, Email, Description FROM Contact WHERE (Email = '#[payload['Email']]'  )"
			doc:name="Salesforce" />
        <logger message="queryContactFromAFlow response #[payload]" level="INFO" doc:name="Logger"/>
	</sub-flow>
    <sub-flow name="queryContactFromBFlow" doc:name="queryContactFromBFlow">
		<sfdc:query-single config-ref="SalesforceB"
			query="SELECT FirstName, LastName, Email, Description FROM Contact WHERE (Email = '#[payload['Email']]'  )"
			doc:name="Salesforce" />
        <logger message="queryContactFromBFlow response #[payload]" level="INFO" doc:name="Logger"/>
	</sub-flow>
    <sub-flow name="queryContactsAccountNameFromAFlow" doc:name="queryContactsAccountNameFromAFlow">
		<sfdc:query-single config-ref="SalesforceA"
			query="SELECT Account.Name FROM Contact WHERE (Email = '#[payload['Email']]'  )"
			doc:name="Salesforce" />
	</sub-flow>
    <sub-flow name="queryContactsAccountNameFromBFlow" doc:name="queryContactsAccountNameFromBFlow">
		<sfdc:query-single config-ref="SalesforceB"
			query="SELECT Account.Name FROM Contact WHERE (Email = '#[payload['Email']]'  )"
			doc:name="Salesforce" />
	</sub-flow>
    <sub-flow name="queryContactsIdFromBFlow" doc:name="queryContactsIdFromBFlow">
        <sfdc:query-single config-ref="SalesforceB" query="SELECT Id FROM Contact WHERE (Email = '#[payload['Email']]'  )" doc:name="Salesforce"/>
    </sub-flow>
    <sub-flow name="retrieveContactFromAFlow" doc:name="retrieveContactFromAFlow">
		<sfdc:retrieve config-ref="SalesforceA" type="Contact"
			doc:name="Salesforce">
			<sfdc:ids>
				<sfdc:id>#[payload]</sfdc:id>
			</sfdc:ids>
			<sfdc:fields>
				<sfdc:field>FirstName</sfdc:field>
				<sfdc:field>LastName</sfdc:field>
				<sfdc:field>Email</sfdc:field>
				<sfdc:field>Description</sfdc:field>
				<sfdc:field>LastModifiedDate</sfdc:field>
			</sfdc:fields>
		</sfdc:retrieve>
	</sub-flow>
    <sub-flow name="retrieveContactFromBFlow" doc:name="retrieveContactFromBFlow">
		<sfdc:retrieve config-ref="SalesforceB" type="Contact"
			doc:name="Salesforce">
			<sfdc:ids>
				<sfdc:id>#[payload]</sfdc:id>
			</sfdc:ids>
			<sfdc:fields>
				<sfdc:field>FirstName</sfdc:field>
				<sfdc:field>LastName</sfdc:field>
				<sfdc:field>Email</sfdc:field>
				<sfdc:field>Description</sfdc:field>
				<sfdc:field>LastModifiedDate</sfdc:field>
			</sfdc:fields>
		</sfdc:retrieve>
	</sub-flow>
    <sub-flow name="deleteContactFromAFlow" doc:name="deleteContactFromAFlow">
		<sfdc:delete config-ref="SalesforceA" doc:name="Salesforce">
			<sfdc:ids ref="#[payload]" />
		</sfdc:delete>
	</sub-flow>
    <sub-flow name="deleteContactFromBFlow" doc:name="deleteContactFromBFlow">
		<sfdc:delete config-ref="SalesforceB" doc:name="Salesforce">
			<sfdc:ids ref="#[payload]" />
		</sfdc:delete>
	</sub-flow>
    <sub-flow name="createAccountInAFlow" doc:name="createAccountInAFlow">
        <sfdc:create config-ref="SalesforceA" type="Account" doc:name="Create account in A">
            <sfdc:objects ref="#[payload]"/>
        </sfdc:create>
        <logger message="Create Accounts in A result: #[payload]" level="INFO" doc:name="Logger"/>
    </sub-flow>
    <sub-flow name="createAccountInBFlow" doc:name="createAccountInBFlow">
        <sfdc:create config-ref="SalesforceB" type="Account" doc:name="Create account in B">
            <sfdc:objects ref="#[payload]"/>
        </sfdc:create>
        <logger message="Create Accounts in B result: #[payload]" level="INFO" doc:name="Logger"/>
    </sub-flow>
    <sub-flow name="queryAccountFromAFlow" doc:name="queryAccountFromAFlow">
        <sfdc:query-single config-ref="SalesforceA" query="SELECT Name, Description FROM Account WHERE Name = '#[payload['Name']]'" doc:name="Salesforce"/>
        <logger message="Retrieve Accounts result: #[payload]" level="INFO" doc:name="Logger"/>
    </sub-flow>
    <sub-flow name="queryAccountFromBFlow" doc:name="queryAccountFromBFlow">
        <sfdc:query-single config-ref="SalesforceB" query="SELECT Name, Description FROM Account WHERE Name = '#[payload['Name']]'" doc:name="Salesforce"/>
        <logger message="Retrieve Accounts result: #[payload]" level="INFO" doc:name="Logger"/>
    </sub-flow>
    <sub-flow name="deleteAccountFromAFlow" doc:name="deleteAccountFromAFlow">
        <sfdc:delete config-ref="SalesforceA" doc:name="Salesforce">
            <sfdc:ids ref="#[payload]"/>
        </sfdc:delete>
        <logger message="Remove Accounts from A result: #[payload]" level="INFO" doc:name="Logger"/>
    </sub-flow>
    <sub-flow name="deleteAccountFromBFlow" doc:name="deleteAccountFromBFlow">
        <sfdc:delete config-ref="SalesforceB" doc:name="Salesforce">
            <sfdc:ids ref="#[payload]"/>
        </sfdc:delete>
        <logger message="Remove Accounts from B result: #[payload]" level="INFO" doc:name="Logger"/>
    </sub-flow>

</mule>